2025-01-12 15:59:29,612 - data_ingestion - ERROR - File not found: params.yaml
2025-01-12 15:59:29,612 - data_ingestion - ERROR - Failed to complete the data ingestion process: [Errno 2] No such file or directory: 'params.yaml'
2025-01-12 16:01:26,212 - data_ingestion - DEBUG - Parameters retrieved from params.yaml
2025-01-12 16:02:43,785 - data_ingestion - DEBUG - Data loaded from https://raw.githubusercontent.com/vikashishere/Datasets/main/spam.csv
2025-01-12 16:02:43,790 - data_ingestion - DEBUG - Data preprocessing completed
2025-01-12 16:02:43,809 - data_ingestion - DEBUG - Train and test data saved to ./data/raw
2025-01-15 12:21:49,002 - data_ingestion - DEBUG - Parameters retrieved from params.yaml
2025-01-15 12:21:50,075 - data_ingestion - DEBUG - Data loaded from https://raw.githubusercontent.com/vikashishere/Datasets/main/spam.csv
2025-01-15 12:21:50,077 - data_ingestion - DEBUG - Data preprocessing completed
2025-01-15 12:21:50,094 - data_ingestion - DEBUG - Train and test data saved to ./data/raw
2025-01-19 18:53:47,974 - data_ingestion - DEBUG - Parameters retrieved from params.yaml
2025-01-19 18:53:49,623 - data_ingestion - DEBUG - Data loaded from https://raw.githubusercontent.com/vikashishere/Datasets/main/spam.csv
2025-01-19 18:53:49,625 - data_ingestion - DEBUG - Data preprocessing completed
2025-01-19 18:53:49,639 - data_ingestion - DEBUG - Train and test data saved to ./data/raw
2025-01-19 18:55:31,773 - data_ingestion - DEBUG - Parameters retrieved from params.yaml
2025-01-19 18:55:32,493 - data_ingestion - DEBUG - Data loaded from https://raw.githubusercontent.com/vikashishere/Datasets/main/spam.csv
2025-01-19 18:55:32,496 - data_ingestion - DEBUG - Data preprocessing completed
2025-01-19 18:55:32,509 - data_ingestion - DEBUG - Train and test data saved to ./data/raw
2025-01-19 18:57:38,825 - data_ingestion - DEBUG - Parameters retrieved from params.yaml
2025-01-19 18:57:39,423 - data_ingestion - DEBUG - Data loaded from https://raw.githubusercontent.com/vikashishere/Datasets/main/spam.csv
2025-01-19 18:57:39,426 - data_ingestion - DEBUG - Data preprocessing completed
2025-01-19 18:57:39,441 - data_ingestion - DEBUG - Train and test data saved to ./data/raw
2025-01-19 19:01:54,759 - data_ingestion - DEBUG - Parameters retrieved from params.yaml
2025-01-19 19:01:55,608 - data_ingestion - DEBUG - Data loaded from https://raw.githubusercontent.com/vikashishere/Datasets/main/spam.csv
2025-01-19 19:01:55,612 - data_ingestion - DEBUG - Data preprocessing completed
2025-01-19 19:01:55,628 - data_ingestion - DEBUG - Train and test data saved to ./data/raw
